0 info it worked if it ends with ok
1 verbose cli [ 'C:\\Program Files\\nodejs\\node.exe',
1 verbose cli   'C:\\Users\\sandy\\AppData\\Roaming\\npm\\node_modules\\npm\\bin\\npm-cli.js',
1 verbose cli   'start' ]
2 info using npm@4.0.0
3 info using node@v8.10.0
4 verbose run-script [ 'prestart', 'start', 'poststart' ]
5 info lifecycle meantutorial@1.0.0~prestart: meantutorial@1.0.0
6 silly lifecycle meantutorial@1.0.0~prestart: no script for prestart, continuing
7 info lifecycle meantutorial@1.0.0~start: meantutorial@1.0.0
8 verbose lifecycle meantutorial@1.0.0~start: unsafe-perm in lifecycle true
9 verbose lifecycle meantutorial@1.0.0~start: PATH: C:\Users\sandy\AppData\Roaming\npm\node_modules\npm\bin\node-gyp-bin;E:\Node_Mongo\demo\node_modules\.bin;C:\ProgramData\Oracle\Java\javapath;C:\Program Files (x86)\PC Connectivity Solution\;C:\Windows\system32;C:\Windows;C:\Windows\System32\Wbem;C:\Windows\System32\WindowsPowerShell\v1.0\;C:\Program Files\Java\jdk1.8.0_45\bin;C:\Program Files (x86)\GtkSharp\2.12\bin;C:\Program Files (x86)\SAS\SharedFiles\Formats;C:\Program Files (x86)\MySQL\MySQL Server 5.5\bin;C:\Users\sandy\Downloads\Compressed\mysql-5.6.32-winx64\mysql-5.6.32-winx64\bin;C:\Program Files\Git\cmd;D:\gradle-4.0.2-bin\gradle-4.0.2\bin\;D:\adt-bundle-windows-x86_64-20140702\sdk\build-tools;D:\adt-bundle-windows-x86_64-20140702\sdk\tools;D:\adt-bundle-windows-x86_64-20140702\sdk\platform-tools;C:\Program Files\Intel\WiFi\bin\;C:\Program Files\Common Files\Intel\WirelessCommon\;c:\Program Files\WIDCOMM\Bluetooth Software\;c:\Program Files\WIDCOMM\Bluetooth Software\syswow64;;C:\Program Files\Broadcom\Broadcom 802.11\Driver;C:\Program Files\Redis\;C:\Program Files\Sublime Text 3;C:\Program Files\7-Zip;E:\nwjs-sdk-v0.25.1-win-x64\nwjs-sdk-v0.25.1-win-x64;C:\Program Files (x86)\Microsoft Visual Studio\2017\Community\MSBuild\15.0\Bin;C:\Program Files (x86)\Microsoft Visual Studio\2017\Community\MSBuild\15.0;C:\Program Files\MySQL\MySQL Server 5.5\bin;C:\Program Files (x86)\Yarn\bin;C:\Users\sandy\AppData\Roaming\npm;D:\Gradle\bin;C:\Program Files\nodejs\;D:\Downloads\Compressed\openssl-0.9.8k_X64\bin;D:\RailsInstaller\Git\cmd;D:\RailsInstaller\Ruby2.3.3\bin;C:\Ruby24-x64\bin;C:\Python27;C:\Program Files\nodejs;C:\Program Files\MongoDB\Server\3.2\bin;C:\Users\sandy\Downloads\Compressed\mysql-5.6.32-winx64\mysql-5.6.32-winx64\bin;D:\MinGW\bin;D:\GNUstep\GNUstep\System\Tools;D:\GNUstep\bin;D:\GNUstep\msys\1.0\bin;C:\Users\sandy\AppData\Local\.meteor\;C:\Users\sandy\AppData\Roaming\npm\node_modules\cordova\bin\;D:\adt-bundle-windows-x86_64-20140702\sdk\;D:\adt-bundle-windows-x86_64-20140702\sdk\platform-tools\;D:\adt-bundle-windows-x86_64-20140702\sdk\tools\;C:\Users\sandy\Downloads\Compressed\apache-ant-1.9.7\bin\;C:\Users\sandy\AppData\Roaming\npm\;C:\Program Files\Intel\WiFi\bin\;C:\Program Files\Common Files\Intel\WirelessCommon\;C:\Users\sandy\AppData\Local\Yarn\bin;C:\Users\sandy\AppData\Roaming\npm;D:\Downloads\Compressed\openssl-0.9.8k_X64\bin
10 verbose lifecycle meantutorial@1.0.0~start: CWD: E:\Node_Mongo\demo
11 silly lifecycle meantutorial@1.0.0~start: Args: [ '/d /s /c', 'node server.js' ]
12 silly lifecycle meantutorial@1.0.0~start: Returned: code: 1  signal: null
13 info lifecycle meantutorial@1.0.0~start: Failed to exec start script
14 verbose stack Error: meantutorial@1.0.0 start: `node server.js`
14 verbose stack Exit status 1
14 verbose stack     at EventEmitter.<anonymous> (C:\Users\sandy\AppData\Roaming\npm\node_modules\npm\lib\utils\lifecycle.js:277:16)
14 verbose stack     at emitTwo (events.js:126:13)
14 verbose stack     at EventEmitter.emit (events.js:214:7)
14 verbose stack     at ChildProcess.<anonymous> (C:\Users\sandy\AppData\Roaming\npm\node_modules\npm\lib\utils\spawn.js:40:14)
14 verbose stack     at emitTwo (events.js:126:13)
14 verbose stack     at ChildProcess.emit (events.js:214:7)
14 verbose stack     at maybeClose (internal/child_process.js:925:16)
14 verbose stack     at Process.ChildProcess._handle.onexit (internal/child_process.js:209:5)
15 verbose pkgid meantutorial@1.0.0
16 verbose cwd E:\Node_Mongo\demo
17 error Windows_NT 6.1.7601
18 error argv "C:\\Program Files\\nodejs\\node.exe" "C:\\Users\\sandy\\AppData\\Roaming\\npm\\node_modules\\npm\\bin\\npm-cli.js" "start"
19 error node v8.10.0
20 error npm  v4.0.0
21 error code ELIFECYCLE
22 error meantutorial@1.0.0 start: `node server.js`
22 error Exit status 1
23 error Failed at the meantutorial@1.0.0 start script 'node server.js'.
23 error Make sure you have the latest version of node.js and npm installed.
23 error If you do, this is most likely a problem with the meantutorial package,
23 error not with npm itself.
23 error Tell the author that this fails on your system:
23 error     node server.js
23 error You can get information on how to open an issue for this project with:
23 error     npm bugs meantutorial
23 error Or if that isn't available, you can get their info via:
23 error     npm owner ls meantutorial
23 error There is likely additional logging output above.
24 verbose exit [ 1, true ]
